[2m1:22:43 am[22m [31m[1m[vite][22m[39m [31mInternal server error: Invalid end tag.[39m
  Plugin: [35mvite:vue[39m
  File: [36mD:/PageBuilder/frontend/src/components/editor/LeftSidebar.vue[39m:288:3
[33m  286 |        </div>
  287 |      </div>
  288 |    </div>
      |     ^
  289 |  </template>
  290 |  [39m
      at createCompilerError (D:\PageBuilder\frontend\node_modules\@vue\compiler-core\dist\compiler-core.cjs.js:1378:17)
      at emitError (D:\PageBuilder\frontend\node_modules\@vue\compiler-core\dist\compiler-core.cjs.js:3014:5)
      at Object.onclosetag (D:\PageBuilder\frontend\node_modules\@vue\compiler-core\dist\compiler-core.cjs.js:2391:9)
      at Tokenizer.stateInClosingTagName (D:\PageBuilder\frontend\node_modules\@vue\compiler-core\dist\compiler-core.cjs.js:799:16)
      at Tokenizer.parse (D:\PageBuilder\frontend\node_modules\@vue\compiler-core\dist\compiler-core.cjs.js:1157:16)
      at Object.baseParse (D:\PageBuilder\frontend\node_modules\@vue\compiler-core\dist\compiler-core.cjs.js:3053:13)
      at Object.parse (D:\PageBuilder\frontend\node_modules\@vue\compiler-dom\dist\compiler-dom.cjs.js:910:23)
      at Object.parse$1 [as parse] (D:\PageBuilder\frontend\node_modules\@vue\compiler-sfc\dist\compiler-sfc.cjs.js:1824:24)
      at createDescriptor (file:///D:/PageBuilder/frontend/node_modules/@vitejs/plugin-vue/dist/index.mjs:50:42)
      at handleHotUpdate (file:///D:/PageBuilder/frontend/node_modules/@vitejs/plugin-vue/dist/index.mjs:1144:25)
[2m1:22:43 am[22m [31m[1m[vite][22m[39m [31m[2m(client)[22m[39m [2m[console.error] [22m[vite] Failed to reload /src/components/editor/LeftSidebar.vue. This could be due to syntax errors or importing non-existent modules. (see errors above)
